\BOOKMARK [1][-]{section.1}{\376\377\000W\000p\000r\000o\000w\000a\000d\000z\000e\000n\000i\000e\000\040\000i\000\040\000c\000e\000l\000\040\000p\000r\000a\000c\000y}{}% 1
\BOOKMARK [2][-]{subsection.1.1}{\376\377\000W\000p\000r\000o\000w\000a\000d\000z\000e\000n\000i\000e}{section.1}% 2
\BOOKMARK [2][-]{subsection.1.2}{\376\377\000C\000e\000l\000\040\000p\000r\000a\000c\000y}{section.1}% 3
\BOOKMARK [1][-]{section.2}{\376\377\000W\000s\000t\001\031\000p\000\040\000t\000e\000o\000r\000e\000t\000y\000c\000z\000n\000y}{}% 4
\BOOKMARK [2][-]{subsection.2.1}{\376\377\000S\000z\000e\000r\000e\000g\000\040\000c\000z\000a\000s\000o\000w\000y}{section.2}% 5
\BOOKMARK [2][-]{subsection.2.2}{\376\377\000R\000e\000g\000r\000e\000s\000j\000a\000\040\000l\000i\000n\000i\000o\000w\000a}{section.2}% 6
\BOOKMARK [2][-]{subsection.2.3}{\376\377\000D\000r\000z\000e\000w\000a\000\040\000d\000e\000c\000y\000z\000y\000j\000n\000e}{section.2}% 7
\BOOKMARK [2][-]{subsection.2.4}{\376\377\000R\000e\000k\000u\000r\000e\000n\000c\000y\000j\000n\000e\000\040\000s\000i\000e\000c\000i\000\040\000n\000e\000u\000r\000o\000n\000o\000w\000e}{section.2}% 8
\BOOKMARK [2][-]{subsection.2.5}{\376\377\000A\000r\000c\000h\000i\000t\000e\000k\000t\000u\000r\000a\000\040\000L\000S\000T\000M}{section.2}% 9
\BOOKMARK [2][-]{subsection.2.6}{\376\377\000A\000r\000c\000h\000i\000t\000e\000k\000t\000u\000r\000a\000\040\000G\000R\000U}{section.2}% 10
\BOOKMARK [2][-]{subsection.2.7}{\376\377\000I\000n\000d\000e\000k\000s\000\040\000W\000i\000l\000l\000m\000o\000t\000t\000'\000a}{section.2}% 11
\BOOKMARK [1][-]{section.3}{\376\377\000P\000r\000z\000y\000g\000o\000t\000o\000w\000a\000n\000i\000e\000\040\000z\000b\000i\000o\000r\000u\000\040\000d\000a\000n\000y\000c\000h}{}% 12
\BOOKMARK [2][-]{subsection.3.1}{\376\377\000B\000a\000z\000a\000\040\000d\000a\000n\000y\000c\000h\000\040\000I\000n\000s\000t\000y\000t\000u\000t\000u\000\040\000M\000e\000t\000e\000o\000r\000o\000l\000o\000g\000i\000i\000\040\000i\000\040\000G\000o\000s\000p\000o\000d\000a\000r\000k\000i\000\040\000W\000o\000d\000n\000e\000j}{section.3}% 13
\BOOKMARK [2][-]{subsection.3.2}{\376\377\000B\000a\000z\000a\000\040\000d\000a\000n\000y\000c\000h\000\040\000G\001\102\000\363\000w\000n\000e\000g\000o\000\040\000I\000n\000s\000p\000e\000k\000t\000o\000r\000a\000t\000u\000\040\000O\000c\000h\000r\000o\000n\000y\000\040\001\132\000r\000o\000d\000o\000w\000i\000s\000k\000a}{section.3}% 14
\BOOKMARK [2][-]{subsection.3.3}{\376\377\000T\000w\000o\000r\000z\000e\000n\000i\000e\000\040\000s\000z\000e\000r\000e\000g\000\363\000w\000\040\000z\000\040\000o\000b\000u\000\040\001\172\000r\000\363\000d\000e\001\102\000\040\000d\000a\000n\000y\000c\000h}{section.3}% 15
\BOOKMARK [3][-]{subsubsection.3.3.1}{\376\377\000T\000w\000o\000r\000z\000e\000n\000i\000e\000\040\000s\000z\000e\000r\000e\000g\000u\000\040\000d\000l\000a\000\040\000K\000r\000a\000k\000o\000w\000a}{subsection.3.3}% 16
\BOOKMARK [3][-]{subsubsection.3.3.2}{\376\377\000T\000w\000o\000r\000z\000e\000n\000i\000e\000\040\000w\000i\001\031\000k\000s\000z\000e\000j\000\040\000i\000l\000o\001\133\000c\000i\000\040\000s\000z\000e\000r\000e\000g\000\363\000w}{subsection.3.3}% 17
\BOOKMARK [1][-]{section.4}{\376\377\000P\000r\000z\000e\000p\000r\000o\000w\000a\000d\000z\000o\000n\000e\000\040\000b\000a\000d\000a\000n\000i\000a}{}% 18
\BOOKMARK [2][-]{subsection.4.1}{\376\377\000P\000o\000r\000\363\000w\000n\000a\000n\000i\000e\000\040\000w\000y\000d\000a\000j\000n\000o\001\133\000c\000i\000\040\000m\000o\000d\000e\000l\000i\000\040\000p\000r\000e\000d\000y\000k\000c\000y\000j\000n\000y\000c\000h}{section.4}% 19
\BOOKMARK [3][-]{subsubsection.4.1.1}{\376\377\000R\000e\000g\000r\000e\000s\000j\000a\000\040\000l\000i\000n\000i\000o\000w\000a}{subsection.4.1}% 20
\BOOKMARK [3][-]{subsubsection.4.1.2}{\376\377\000D\000r\000z\000e\000w\000a\000\040\000d\000e\000c\000y\000z\000y\000j\000n\000e}{subsection.4.1}% 21
\BOOKMARK [3][-]{subsubsection.4.1.3}{\376\377\000S\000i\000e\000c\000i\000\040\000r\000e\000k\000u\000r\000e\000n\000c\000y\000j\000n\000e}{subsection.4.1}% 22
\BOOKMARK [2][-]{subsection.4.2}{\376\377\000B\000a\000d\000a\000n\000i\000e\000\040\000s\000k\000a\000l\000o\000w\000a\000l\000n\000o\001\133\000c\000i\000\040\000m\000o\000d\000e\000l\000u\000\040\000G\000R\000U}{section.4}% 23
\BOOKMARK [1][-]{section.5}{\376\377\000O\000t\000r\000z\000y\000m\000a\000n\000e\000\040\000w\000y\000n\000i\000k\000i}{}% 24
\BOOKMARK [2][-]{subsection.5.1}{\376\377\000P\000o\000r\000\363\000w\000n\000a\000n\000i\000e\000\040\000w\000y\000d\000a\000j\000n\000o\001\133\000c\000i\000\040\000m\000o\000d\000e\000l\000i\000\040\000p\000r\000e\000d\000y\000k\000c\000y\000j\000n\000y\000c\000h}{section.5}% 25
\BOOKMARK [3][-]{subsubsection.5.1.1}{\376\377\000R\000e\000g\000r\000e\000s\000j\000a\000\040\000l\000i\000n\000i\000o\000w\000a}{subsection.5.1}% 26
\BOOKMARK [3][-]{subsubsection.5.1.2}{\376\377\000D\000r\000z\000e\000w\000a\000\040\000d\000e\000c\000y\000z\000y\000j\000n\000e}{subsection.5.1}% 27
\BOOKMARK [3][-]{subsubsection.5.1.3}{\376\377\000P\000r\000o\000s\000t\000a\000\040\000s\000i\000e\001\007\000\040\000r\000e\000k\000u\000r\000e\000n\000c\000y\000j\000n\000a}{subsection.5.1}% 28
\BOOKMARK [3][-]{subsubsection.5.1.4}{\376\377\000S\000i\000e\001\007\000\040\000r\000e\000k\000u\000r\000e\000n\000c\000y\000j\000n\000a\000\040\000t\000y\000p\000u\000\040\000L\000S\000T\000M}{subsection.5.1}% 29
\BOOKMARK [3][-]{subsubsection.5.1.5}{\376\377\000S\000i\000e\001\007\000\040\000r\000e\000k\000u\000r\000e\000n\000c\000y\000j\000n\000a\000\040\000t\000y\000p\000u\000\040\000G\000R\000U}{subsection.5.1}% 30
\BOOKMARK [3][-]{subsubsection.5.1.6}{\376\377\000Z\000e\000s\000t\000a\000w\000i\000e\000n\000i\000e\000\040\000o\000t\000r\000z\000y\000m\000a\000n\000y\000c\000h\000\040\000w\000y\000n\000i\000k\000\363\000w}{subsection.5.1}% 31
\BOOKMARK [2][-]{subsection.5.2}{\376\377\000B\000a\000d\000a\000n\000i\000e\000\040\000s\000k\000a\000l\000o\000w\000a\000l\000n\000o\001\133\000c\000i\000\040\000m\000o\000d\000e\000l\000u\000\040\000G\000R\000U}{section.5}% 32
\BOOKMARK [1][-]{section.6}{\376\377\000W\000n\000i\000o\000s\000k\000i}{}% 33
